<?xml version="1.0" encoding="UTF-8"?>
<!-- Generated by org.testng.reporters.JUnitReportReporter -->
<testsuite skipped="0" hostname="DESKTOP-U2QVEEK" name="GoogleDataProvider.GoogleSearch" tests="3" failures="0" timestamp="15 May 2018 23:45:13 GMT" time="26.767" errors="0">
  <testcase name="search" time="11.344" classname="GoogleDataProvider.GoogleSearch"/>
  <testcase name="search" time="8.454" classname="GoogleDataProvider.GoogleSearch"/>
  <testcase name="search" time="6.969" classname="GoogleDataProvider.GoogleSearch"/>
</testsuite> <!-- GoogleDataProvider.GoogleSearch -->
